<?xml version="1.0" encoding="UTF-8"?>
<testng-results ignored="0" total="1" passed="1" failed="0" skipped="0">
  <reporter-output>
  </reporter-output>
  <suite started-at="2025-03-22T09:14:42 IST" name="Surefire suite" finished-at="2025-03-22T09:15:04 IST" duration-ms="22191">
    <groups>
    </groups>
    <test started-at="2025-03-22T09:14:42 IST" name="Surefire test" finished-at="2025-03-22T09:15:04 IST" duration-ms="22191">
      <class name="com.CRM.page.loginTest">
        <test-method is-config="true" signature="setup()[pri:0, instance:com.CRM.page.loginTest@769e7ee8]" started-at="2025-03-22T09:14:42 IST" name="setup" finished-at="2025-03-22T09:15:03 IST" duration-ms="20848" status="PASS">
          <reporter-output>
          </reporter-output>
        </test-method> <!-- setup -->
        <test-method signature="loginfunctiontest()[pri:0, instance:com.CRM.page.loginTest@769e7ee8]" started-at="2025-03-22T09:15:03 IST" name="loginfunctiontest" finished-at="2025-03-22T09:15:04 IST" duration-ms="1102" status="PASS">
          <reporter-output>
          </reporter-output>
        </test-method> <!-- loginfunctiontest -->
        <test-method is-config="true" signature="teardown()[pri:0, instance:com.CRM.page.loginTest@769e7ee8]" started-at="2025-03-22T09:15:04 IST" name="teardown" finished-at="2025-03-22T09:15:04 IST" duration-ms="207" status="PASS">
          <reporter-output>
          </reporter-output>
        </test-method> <!-- teardown -->
      </class> <!-- com.CRM.page.loginTest -->
    </test> <!-- Surefire test -->
  </suite> <!-- Surefire suite -->
</testng-results>
