<?xml version="1.0" encoding="UTF-8"?>
<testng-results ignored="0" total="1" passed="1" failed="0" skipped="0">
  <reporter-output>
  </reporter-output>
  <suite started-at="2025-03-22T08:23:05 IST" name="Suite" finished-at="2025-03-22T08:23:12 IST" duration-ms="6415">
    <groups>
    </groups>
    <test started-at="2025-03-22T08:23:05 IST" name="Test" finished-at="2025-03-22T08:23:12 IST" duration-ms="6415">
      <class name="com.CRM.page.loginTest">
        <test-method is-config="true" signature="setup()[pri:0, instance:com.CRM.page.loginTest@799f10e1]" started-at="2025-03-22T08:23:05 IST" name="setup" finished-at="2025-03-22T08:23:10 IST" duration-ms="4611" status="PASS">
          <reporter-output>
          </reporter-output>
        </test-method> <!-- setup -->
        <test-method signature="loginfunctiontest()[pri:0, instance:com.CRM.page.loginTest@799f10e1]" started-at="2025-03-22T08:23:10 IST" name="loginfunctiontest" finished-at="2025-03-22T08:23:12 IST" duration-ms="1530" status="PASS">
          <reporter-output>
          </reporter-output>
        </test-method> <!-- loginfunctiontest -->
        <test-method is-config="true" signature="teardown()[pri:0, instance:com.CRM.page.loginTest@799f10e1]" started-at="2025-03-22T08:23:12 IST" name="teardown" finished-at="2025-03-22T08:23:12 IST" duration-ms="202" status="PASS">
          <reporter-output>
          </reporter-output>
        </test-method> <!-- teardown -->
      </class> <!-- com.CRM.page.loginTest -->
    </test> <!-- Test -->
  </suite> <!-- Suite -->
</testng-results>
